<?xml version="1.0" encoding="UTF-8"?>
<testng-results skipped="0" failed="1" ignored="0" total="4" passed="3">
  <reporter-output>
  </reporter-output>
  <suite name="Suite" duration-ms="44038" started-at="2021-01-07T11:57:56 IST" finished-at="2021-01-07T11:58:40 IST">
    <groups>
    </groups>
    <test name="Test-Navigation Menu" duration-ms="10576" started-at="2021-01-07T11:57:56 IST" finished-at="2021-01-07T11:58:07 IST">
      <class name="E2E_Project.navigationMenu">
        <test-method status="PASS" signature="browser()[pri:0, instance:E2E_Project.navigationMenu@2657d4dd]" name="browser" is-config="true" duration-ms="10216" started-at="2021-01-07T11:57:56 IST" finished-at="2021-01-07T11:58:06 IST">
          <reporter-output>
          </reporter-output>
        </test-method> <!-- browser -->
        <test-method status="PASS" signature="navigateMenu()[pri:0, instance:E2E_Project.navigationMenu@2657d4dd]" name="navigateMenu" duration-ms="125" started-at="2021-01-07T11:58:06 IST" finished-at="2021-01-07T11:58:06 IST">
          <reporter-output>
          </reporter-output>
        </test-method> <!-- navigateMenu -->
        <test-method status="PASS" signature="closeBrowser()[pri:0, instance:E2E_Project.navigationMenu@2657d4dd]" name="closeBrowser" is-config="true" duration-ms="154" started-at="2021-01-07T11:58:06 IST" finished-at="2021-01-07T11:58:07 IST">
          <reporter-output>
          </reporter-output>
        </test-method> <!-- closeBrowser -->
      </class> <!-- E2E_Project.navigationMenu -->
    </test> <!-- Test-Navigation Menu -->
    <test name="Test-Browser Initilization" duration-ms="22368" started-at="2021-01-07T11:58:07 IST" finished-at="2021-01-07T11:58:29 IST">
      <class name="E2E_Project.startBrowser">
        <test-method status="PASS" signature="getBrowser(java.lang.String, java.lang.String)[pri:0, instance:E2E_Project.startBrowser@798162bc]" name="getBrowser" duration-ms="12436" started-at="2021-01-07T11:58:07 IST" data-provider="getData" finished-at="2021-01-07T11:58:20 IST">
          <params>
            <param index="0">
              <value>
                <![CDATA[vinayak.com]]>
              </value>
            </param>
            <param index="1">
              <value>
                <![CDATA[123]]>
              </value>
            </param>
          </params>
          <reporter-output>
          </reporter-output>
        </test-method> <!-- getBrowser -->
        <test-method status="PASS" signature="getBrowser(java.lang.String, java.lang.String)[pri:0, instance:E2E_Project.startBrowser@798162bc]" name="getBrowser" duration-ms="9916" started-at="2021-01-07T11:58:20 IST" data-provider="getData" finished-at="2021-01-07T11:58:29 IST">
          <params>
            <param index="0">
              <value>
                <![CDATA[Thakar.com]]>
              </value>
            </param>
            <param index="1">
              <value>
                <![CDATA[456]]>
              </value>
            </param>
          </params>
          <reporter-output>
          </reporter-output>
        </test-method> <!-- getBrowser -->
      </class> <!-- E2E_Project.startBrowser -->
    </test> <!-- Test-Browser Initilization -->
    <test name="Test-Validated Title" duration-ms="10470" started-at="2021-01-07T11:58:30 IST" finished-at="2021-01-07T11:58:40 IST">
      <class name="E2E_Project.validateTitle">
        <test-method status="PASS" signature="browser()[pri:0, instance:E2E_Project.validateTitle@1c9b0314]" name="browser" is-config="true" duration-ms="9697" started-at="2021-01-07T11:58:30 IST" finished-at="2021-01-07T11:58:39 IST">
          <reporter-output>
          </reporter-output>
        </test-method> <!-- browser -->
        <test-method status="FAIL" signature="checkTitle()[pri:0, instance:E2E_Project.validateTitle@1c9b0314]" name="checkTitle" duration-ms="51" started-at="2021-01-07T11:58:39 IST" finished-at="2021-01-07T11:58:39 IST">
          <exception class="java.lang.AssertionError">
            <message>
              <![CDATA[expected [FEATURED COURSES12] but found [FEATURED COURSES]]]>
            </message>
            <full-stacktrace>
              <![CDATA[java.lang.AssertionError: expected [FEATURED COURSES12] but found [FEATURED COURSES]
at org.testng.Assert.fail(Assert.java:99)
at org.testng.Assert.failNotEquals(Assert.java:1037)
at org.testng.Assert.assertEqualsImpl(Assert.java:140)
at org.testng.Assert.assertEquals(Assert.java:122)
at org.testng.Assert.assertEquals(Assert.java:629)
at org.testng.Assert.assertEquals(Assert.java:639)
at E2E_Project.validateTitle.checkTitle(validateTitle.java:36)
at sun.reflect.NativeMethodAccessorImpl.invoke0(Native Method)
at sun.reflect.NativeMethodAccessorImpl.invoke(NativeMethodAccessorImpl.java:62)
at sun.reflect.DelegatingMethodAccessorImpl.invoke(DelegatingMethodAccessorImpl.java:43)
at java.lang.reflect.Method.invoke(Method.java:498)
at org.testng.internal.MethodInvocationHelper.invokeMethod(MethodInvocationHelper.java:132)
at org.testng.internal.TestInvoker.invokeMethod(TestInvoker.java:599)
at org.testng.internal.TestInvoker.invokeTestMethod(TestInvoker.java:174)
at org.testng.internal.MethodRunner.runInSequence(MethodRunner.java:46)
at org.testng.internal.TestInvoker$MethodInvocationAgent.invoke(TestInvoker.java:822)
at org.testng.internal.TestInvoker.invokeTestMethods(TestInvoker.java:147)
at org.testng.internal.TestMethodWorker.invokeTestMethods(TestMethodWorker.java:146)
at org.testng.internal.TestMethodWorker.run(TestMethodWorker.java:128)
at java.util.ArrayList.forEach(ArrayList.java:1257)
at org.testng.TestRunner.privateRun(TestRunner.java:764)
at org.testng.TestRunner.run(TestRunner.java:585)
at org.testng.SuiteRunner.runTest(SuiteRunner.java:384)
at org.testng.SuiteRunner.runSequentially(SuiteRunner.java:378)
at org.testng.SuiteRunner.privateRun(SuiteRunner.java:337)
at org.testng.SuiteRunner.run(SuiteRunner.java:286)
at org.testng.SuiteRunnerWorker.runSuite(SuiteRunnerWorker.java:53)
at org.testng.SuiteRunnerWorker.run(SuiteRunnerWorker.java:96)
at org.testng.TestNG.runSuitesSequentially(TestNG.java:1218)
at org.testng.TestNG.runSuitesLocally(TestNG.java:1140)
at org.testng.TestNG.runSuites(TestNG.java:1069)
at org.testng.TestNG.run(TestNG.java:1037)
at org.testng.remote.AbstractRemoteTestNG.run(AbstractRemoteTestNG.java:115)
at org.testng.remote.RemoteTestNG.initAndRun(RemoteTestNG.java:251)
at org.testng.remote.RemoteTestNG.main(RemoteTestNG.java:77)
]]>
            </full-stacktrace>
          </exception> <!-- java.lang.AssertionError -->
          <reporter-output>
          </reporter-output>
        </test-method> <!-- checkTitle -->
        <test-method status="PASS" signature="closeBrowser()[pri:0, instance:E2E_Project.validateTitle@1c9b0314]" name="closeBrowser" is-config="true" duration-ms="103" started-at="2021-01-07T11:58:40 IST" finished-at="2021-01-07T11:58:40 IST">
          <reporter-output>
          </reporter-output>
        </test-method> <!-- closeBrowser -->
      </class> <!-- E2E_Project.validateTitle -->
    </test> <!-- Test-Validated Title -->
  </suite> <!-- Suite -->
</testng-results>
